android-app/app/build/intermediates/manifest_merge_blame_file/debug/manifest-merger-blame-debug-report.txt
1<?xml version="1.0" encoding="utf-8"?>
2<manifest xmlns:android="http://schemas.android.com/apk/res/android"
3    package="com.rdm.client"
4    android:versionCode="1"
5    android:versionName="1.0" > <!-- Root access (not declared in manifest, handled programmatically) -->
6    <uses-sdk
7        android:minSdkVersion="26"
8        android:targetSdkVersion="34" />
9
10    <!-- Permissions -->
11    <uses-permission android:name="android.permission.INTERNET" />
11-->src/main/AndroidManifest.xml:55:5-67
11-->src/main/AndroidManifest.xml:55:22-64
12    <uses-permission android:name="android.permission.ACCESS_NETWORK_STATE" />
12-->src/main/AndroidManifest.xml:56:5-79
12-->src/main/AndroidManifest.xml:56:22-76
13    <uses-permission android:name="android.permission.ACCESS_WIFI_STATE" />
13-->src/main/AndroidManifest.xml:57:5-76
13-->src/main/AndroidManifest.xml:57:22-73
14    <uses-permission android:name="android.permission.FOREGROUND_SERVICE" />
14-->src/main/AndroidManifest.xml:58:5-77
14-->src/main/AndroidManifest.xml:58:22-74
15    <uses-permission android:name="android.permission.FOREGROUND_SERVICE_DATA_SYNC" />
15-->src/main/AndroidManifest.xml:59:5-87
15-->src/main/AndroidManifest.xml:59:22-84
16    <uses-permission android:name="android.permission.FOREGROUND_SERVICE_MEDIA_PROJECTION" />
16-->src/main/AndroidManifest.xml:60:5-94
16-->src/main/AndroidManifest.xml:60:22-91
17    <uses-permission android:name="android.permission.RECEIVE_BOOT_COMPLETED" />
17-->src/main/AndroidManifest.xml:61:5-81
17-->src/main/AndroidManifest.xml:61:22-78
18    <uses-permission android:name="android.permission.WAKE_LOCK" />
18-->src/main/AndroidManifest.xml:62:5-68
18-->src/main/AndroidManifest.xml:62:22-65
19    <uses-permission android:name="android.permission.RECORD_AUDIO" />
19-->src/main/AndroidManifest.xml:63:5-71
19-->src/main/AndroidManifest.xml:63:22-68
20    <uses-permission android:name="android.permission.WRITE_EXTERNAL_STORAGE" />
20-->src/main/AndroidManifest.xml:64:5-81
20-->src/main/AndroidManifest.xml:64:22-78
21    <uses-permission android:name="android.permission.READ_EXTERNAL_STORAGE" />
21-->src/main/AndroidManifest.xml:65:5-80
21-->src/main/AndroidManifest.xml:65:22-77
22
23    <permission
23-->[androidx.core:core:1.12.0] AndroidManifest.xml:22:5-24:47
24        android:name="com.rdm.client.DYNAMIC_RECEIVER_NOT_EXPORTED_PERMISSION"
24-->[androidx.core:core:1.12.0] AndroidManifest.xml:23:9-81
25        android:protectionLevel="signature" />
25-->[androidx.core:core:1.12.0] AndroidManifest.xml:24:9-44
26
27    <uses-permission android:name="com.rdm.client.DYNAMIC_RECEIVER_NOT_EXPORTED_PERMISSION" /> <!-- System app privileges -->
27-->[androidx.core:core:1.12.0] AndroidManifest.xml:26:5-97
27-->[androidx.core:core:1.12.0] AndroidManifest.xml:26:22-94
28    <application
28-->src/main/AndroidManifest.xml:6:5-52:19
29        android:allowBackup="true"
29-->src/main/AndroidManifest.xml:7:9-35
30        android:appComponentFactory="androidx.core.app.CoreComponentFactory"
30-->[androidx.core:core:1.12.0] AndroidManifest.xml:28:18-86
31        android:debuggable="true"
32        android:directBootAware="true"
32-->src/main/AndroidManifest.xml:12:9-39
33        android:extractNativeLibs="true"
34        android:icon="@mipmap/ic_launcher"
34-->src/main/AndroidManifest.xml:8:9-43
35        android:label="@string/app_name"
35-->src/main/AndroidManifest.xml:9:9-41
36        android:persistent="true"
36-->src/main/AndroidManifest.xml:11:9-34
37        android:theme="@style/Theme.RdmClient"
37-->src/main/AndroidManifest.xml:10:9-47
38        android:usesCleartextTraffic="true" >
38-->src/main/AndroidManifest.xml:13:9-44
39        <activity
39-->src/main/AndroidManifest.xml:16:9-24:20
40            android:name="com.rdm.client.MainActivity"
40-->src/main/AndroidManifest.xml:17:13-41
41            android:exported="true"
41-->src/main/AndroidManifest.xml:18:13-36
42            android:label="@string/app_name" >
42-->src/main/AndroidManifest.xml:19:13-45
43            <intent-filter>
43-->src/main/AndroidManifest.xml:20:13-23:29
44                <action android:name="android.intent.action.MAIN" />
44-->src/main/AndroidManifest.xml:21:17-69
44-->src/main/AndroidManifest.xml:21:25-66
45
46                <category android:name="android.intent.category.LAUNCHER" />
46-->src/main/AndroidManifest.xml:22:17-77
46-->src/main/AndroidManifest.xml:22:27-74
47            </intent-filter>
48        </activity>
49
50        <!-- Background service for WebSocket connection -->
51        <service
51-->src/main/AndroidManifest.xml:27:9-31:56
52            android:name="com.rdm.client.RdmService"
52-->src/main/AndroidManifest.xml:28:13-39
53            android:enabled="true"
53-->src/main/AndroidManifest.xml:29:13-35
54            android:exported="false"
54-->src/main/AndroidManifest.xml:30:13-37
55            android:foregroundServiceType="dataSync" />
55-->src/main/AndroidManifest.xml:31:13-53
56
57        <!-- Screen recording service -->
58        <service
58-->src/main/AndroidManifest.xml:34:9-38:63
59            android:name="com.rdm.client.ScreenRecordService"
59-->src/main/AndroidManifest.xml:35:13-48
60            android:enabled="true"
60-->src/main/AndroidManifest.xml:36:13-35
61            android:exported="false"
61-->src/main/AndroidManifest.xml:37:13-37
62            android:foregroundServiceType="mediaProjection" />
62-->src/main/AndroidManifest.xml:38:13-60
63
64        <!-- Boot receiver for auto-start -->
65        <receiver
65-->src/main/AndroidManifest.xml:41:9-50:20
66            android:name="com.rdm.client.BootReceiver"
66-->src/main/AndroidManifest.xml:42:13-41
67            android:enabled="true"
67-->src/main/AndroidManifest.xml:43:13-35
68            android:exported="true" >
68-->src/main/AndroidManifest.xml:44:13-36
69            <intent-filter>
69-->src/main/AndroidManifest.xml:45:13-49:29
70                <action android:name="android.intent.action.BOOT_COMPLETED" />
70-->src/main/AndroidManifest.xml:46:17-79
70-->src/main/AndroidManifest.xml:46:25-76
71                <action android:name="android.intent.action.QUICKBOOT_POWERON" />
71-->src/main/AndroidManifest.xml:47:17-82
71-->src/main/AndroidManifest.xml:47:25-79
72                <action android:name="com.htc.intent.action.QUICKBOOT_POWERON" />
72-->src/main/AndroidManifest.xml:48:17-82
72-->src/main/AndroidManifest.xml:48:25-79
73            </intent-filter>
74        </receiver>
75
76        <provider
76-->[androidx.emoji2:emoji2:1.2.0] AndroidManifest.xml:24:9-32:20
77            android:name="androidx.startup.InitializationProvider"
77-->[androidx.emoji2:emoji2:1.2.0] AndroidManifest.xml:25:13-67
78            android:authorities="com.rdm.client.androidx-startup"
78-->[androidx.emoji2:emoji2:1.2.0] AndroidManifest.xml:26:13-68
79            android:exported="false" >
79-->[androidx.emoji2:emoji2:1.2.0] AndroidManifest.xml:27:13-37
80            <meta-data
80-->[androidx.emoji2:emoji2:1.2.0] AndroidManifest.xml:29:13-31:52
81                android:name="androidx.emoji2.text.EmojiCompatInitializer"
81-->[androidx.emoji2:emoji2:1.2.0] AndroidManifest.xml:30:17-75
82                android:value="androidx.startup" />
82-->[androidx.emoji2:emoji2:1.2.0] AndroidManifest.xml:31:17-49
83            <meta-data
83-->[androidx.lifecycle:lifecycle-process:2.7.0] AndroidManifest.xml:29:13-31:52
84                android:name="androidx.lifecycle.ProcessLifecycleInitializer"
84-->[androidx.lifecycle:lifecycle-process:2.7.0] AndroidManifest.xml:30:17-78
85                android:value="androidx.startup" />
85-->[androidx.lifecycle:lifecycle-process:2.7.0] AndroidManifest.xml:31:17-49
86            <meta-data
86-->[androidx.profileinstaller:profileinstaller:1.3.0] AndroidManifest.xml:29:13-31:52
87                android:name="androidx.profileinstaller.ProfileInstallerInitializer"
87-->[androidx.profileinstaller:profileinstaller:1.3.0] AndroidManifest.xml:30:17-85
88                android:value="androidx.startup" />
88-->[androidx.profileinstaller:profileinstaller:1.3.0] AndroidManifest.xml:31:17-49
89        </provider>
90
91        <receiver
91-->[androidx.profileinstaller:profileinstaller:1.3.0] AndroidManifest.xml:34:9-52:20
92            android:name="androidx.profileinstaller.ProfileInstallReceiver"
92-->[androidx.profileinstaller:profileinstaller:1.3.0] AndroidManifest.xml:35:13-76
93            android:directBootAware="false"
93-->[androidx.profileinstaller:profileinstaller:1.3.0] AndroidManifest.xml:36:13-44
94            android:enabled="true"
94-->[androidx.profileinstaller:profileinstaller:1.3.0] AndroidManifest.xml:37:13-35
95            android:exported="true"
95-->[androidx.profileinstaller:profileinstaller:1.3.0] AndroidManifest.xml:38:13-36
96            android:permission="android.permission.DUMP" >
96-->[androidx.profileinstaller:profileinstaller:1.3.0] AndroidManifest.xml:39:13-57
97            <intent-filter>
97-->[androidx.profileinstaller:profileinstaller:1.3.0] AndroidManifest.xml:40:13-42:29
98                <action android:name="androidx.profileinstaller.action.INSTALL_PROFILE" />
98-->[androidx.profileinstaller:profileinstaller:1.3.0] AndroidManifest.xml:41:17-91
98-->[androidx.profileinstaller:profileinstaller:1.3.0] AndroidManifest.xml:41:25-88
99            </intent-filter>
100            <intent-filter>
100-->[androidx.profileinstaller:profileinstaller:1.3.0] AndroidManifest.xml:43:13-45:29
101                <action android:name="androidx.profileinstaller.action.SKIP_FILE" />
101-->[androidx.profileinstaller:profileinstaller:1.3.0] AndroidManifest.xml:44:17-85
101-->[androidx.profileinstaller:profileinstaller:1.3.0] AndroidManifest.xml:44:25-82
102            </intent-filter>
103            <intent-filter>
103-->[androidx.profileinstaller:profileinstaller:1.3.0] AndroidManifest.xml:46:13-48:29
104                <action android:name="androidx.profileinstaller.action.SAVE_PROFILE" />
104-->[androidx.profileinstaller:profileinstaller:1.3.0] AndroidManifest.xml:47:17-88
104-->[androidx.profileinstaller:profileinstaller:1.3.0] AndroidManifest.xml:47:25-85
105            </intent-filter>
106            <intent-filter>
106-->[androidx.profileinstaller:profileinstaller:1.3.0] AndroidManifest.xml:49:13-51:29
107                <action android:name="androidx.profileinstaller.action.BENCHMARK_OPERATION" />
107-->[androidx.profileinstaller:profileinstaller:1.3.0] AndroidManifest.xml:50:17-95
107-->[androidx.profileinstaller:profileinstaller:1.3.0] AndroidManifest.xml:50:25-92
108            </intent-filter>
109        </receiver>
110    </application>
111
112</manifest>